uMSSDK/build/outputs/logs/manifest-merger-debug-report.txt
-- Merging decision tree log ---
manifest
ADDED from src\main\AndroidManifest.xml:2:1-5:31
INJECTED from src\main\AndroidManifest.xml:2:1-5:31
INJECTED from src\main\AndroidManifest.xml:2:1-5:31
INJECTED from src\main\AndroidManifest.xml:2:1-5:31
INJECTED from src\main\AndroidManifest.xml:2:1-5:31
INJECTED from src\main\AndroidManifest.xml:2:1-5:31
INJECTED from src\main\AndroidManifest.xml:2:1-5:31
	package
		ADDED from src\main\AndroidManifest.xml:3:2-23
		INJECTED from src\main\AndroidManifest.xml
		INJECTED from src\main\AndroidManifest.xml
	android:versionName
		ADDED from src\main\AndroidManifest.xml:5:2-29
		INJECTED from src\main\AndroidManifest.xml
		INJECTED from src\main\AndroidManifest.xml
	xmlns:android
		ADDED from src\main\AndroidManifest.xml:2:11-69
	android:versionCode
		ADDED from src\main\AndroidManifest.xml:4:2-25
		INJECTED from src\main\AndroidManifest.xml
		INJECTED from src\main\AndroidManifest.xml